<?xml version="1.0" encoding="UTF-8"?>
<testsuite xmlns:xsi="http://www.w3.org/2001/XMLSchema-instance" xsi:noNamespaceSchemaLocation="https://maven.apache.org/surefire/maven-surefire-plugin/xsd/surefire-test-report.xsd" name="ir.ac.kntu.style.CheckStyleTest" time="0.212" tests="2" errors="0" skipped="0" failures="0">
  <properties>
    <property name="java.specification.version" value="21"/>
    <property name="sun.cpu.isalist" value="amd64"/>
    <property name="sun.jnu.encoding" value="Cp1252"/>
    <property name="java.class.path" value="D:\Visual Studio Code\Java\HW5\winter-is-coming\target\test-classes;D:\Visual Studio Code\Java\HW5\winter-is-coming\target\classes;C:\Users\bahad\.m2\repository\junit\junit\4.13\junit-4.13.jar;C:\Users\bahad\.m2\repository\org\hamcrest\hamcrest-core\2.2\hamcrest-core-2.2.jar;C:\Users\bahad\.m2\repository\org\hamcrest\hamcrest\2.2\hamcrest-2.2.jar;C:\Users\bahad\.m2\repository\com\puppycrawl\tools\checkstyle\8.40\checkstyle-8.40.jar;C:\Users\bahad\.m2\repository\info\picocli\picocli\4.6.1\picocli-4.6.1.jar;C:\Users\bahad\.m2\repository\antlr\antlr\2.7.7\antlr-2.7.7.jar;C:\Users\bahad\.m2\repository\org\antlr\antlr4-runtime\4.9.1\antlr4-runtime-4.9.1.jar;C:\Users\bahad\.m2\repository\commons-beanutils\commons-beanutils\1.9.4\commons-beanutils-1.9.4.jar;C:\Users\bahad\.m2\repository\commons-logging\commons-logging\1.2\commons-logging-1.2.jar;C:\Users\bahad\.m2\repository\commons-collections\commons-collections\3.2.2\commons-collections-3.2.2.jar;C:\Users\bahad\.m2\repository\com\google\guava\guava\30.0-jre\guava-30.0-jre.jar;C:\Users\bahad\.m2\repository\com\google\guava\failureaccess\1.0.1\failureaccess-1.0.1.jar;C:\Users\bahad\.m2\repository\com\google\guava\listenablefuture\9999.0-empty-to-avoid-conflict-with-guava\listenablefuture-9999.0-empty-to-avoid-conflict-with-guava.jar;C:\Users\bahad\.m2\repository\com\google\code\findbugs\jsr305\3.0.2\jsr305-3.0.2.jar;C:\Users\bahad\.m2\repository\org\checkerframework\checker-qual\3.5.0\checker-qual-3.5.0.jar;C:\Users\bahad\.m2\repository\com\google\errorprone\error_prone_annotations\2.3.4\error_prone_annotations-2.3.4.jar;C:\Users\bahad\.m2\repository\com\google\j2objc\j2objc-annotations\1.3\j2objc-annotations-1.3.jar;C:\Users\bahad\.m2\repository\org\reflections\reflections\0.9.12\reflections-0.9.12.jar;C:\Users\bahad\.m2\repository\org\javassist\javassist\3.26.0-GA\javassist-3.26.0-GA.jar;C:\Users\bahad\.m2\repository\net\sf\saxon\Saxon-HE\10.3\Saxon-HE-10.3.jar;C:\Users\bahad\.m2\repository\net\sourceforge\pmd\pmd-java\6.31.0\pmd-java-6.31.0.jar;C:\Users\bahad\.m2\repository\net\sourceforge\saxon\saxon\9.1.0.8\saxon-9.1.0.8.jar;C:\Users\bahad\.m2\repository\org\ow2\asm\asm\9.0-beta\asm-9.0-beta.jar;C:\Users\bahad\.m2\repository\commons-io\commons-io\2.6\commons-io-2.6.jar;C:\Users\bahad\.m2\repository\org\apache\commons\commons-lang3\3.8.1\commons-lang3-3.8.1.jar;C:\Users\bahad\.m2\repository\net\sourceforge\pmd\pmd-core\6.31.0\pmd-core-6.31.0.jar;C:\Users\bahad\.m2\repository\com\beust\jcommander\1.48\jcommander-1.48.jar;C:\Users\bahad\.m2\repository\com\google\code\gson\gson\2.8.5\gson-2.8.5.jar;C:\Users\bahad\.m2\repository\net\sourceforge\saxon\saxon\9.1.0.8\saxon-9.1.0.8-dom.jar;C:\Users\bahad\.m2\repository\org\jetbrains\annotations\20.1.0\annotations-20.1.0.jar;"/>
    <property name="java.vm.vendor" value="Oracle Corporation"/>
    <property name="sun.arch.data.model" value="64"/>
    <property name="user.variant" value=""/>
    <property name="java.vendor.url" value="https://java.oracle.com/"/>
    <property name="user.timezone" value="Asia/Tehran"/>
    <property name="os.name" value="Windows 10"/>
    <property name="java.vm.specification.version" value="21"/>
    <property name="sun.java.launcher" value="SUN_STANDARD"/>
    <property name="user.country" value="US"/>
    <property name="sun.boot.library.path" value="C:\Program Files\Java\jdk-21\bin"/>
    <property name="sun.java.command" value="C:\Users\bahad\AppData\Local\Temp\surefire15616602931745845220\surefirebooter4197116238410664342.jar C:\Users\bahad\AppData\Local\Temp\surefire15616602931745845220 2023-11-15T21-05-20_876-jvmRun1 surefire18086342198885112130tmp surefire_01814443204913473129tmp"/>
    <property name="jdk.debug" value="release"/>
    <property name="surefire.test.class.path" value="D:\Visual Studio Code\Java\HW5\winter-is-coming\target\test-classes;D:\Visual Studio Code\Java\HW5\winter-is-coming\target\classes;C:\Users\bahad\.m2\repository\junit\junit\4.13\junit-4.13.jar;C:\Users\bahad\.m2\repository\org\hamcrest\hamcrest-core\2.2\hamcrest-core-2.2.jar;C:\Users\bahad\.m2\repository\org\hamcrest\hamcrest\2.2\hamcrest-2.2.jar;C:\Users\bahad\.m2\repository\com\puppycrawl\tools\checkstyle\8.40\checkstyle-8.40.jar;C:\Users\bahad\.m2\repository\info\picocli\picocli\4.6.1\picocli-4.6.1.jar;C:\Users\bahad\.m2\repository\antlr\antlr\2.7.7\antlr-2.7.7.jar;C:\Users\bahad\.m2\repository\org\antlr\antlr4-runtime\4.9.1\antlr4-runtime-4.9.1.jar;C:\Users\bahad\.m2\repository\commons-beanutils\commons-beanutils\1.9.4\commons-beanutils-1.9.4.jar;C:\Users\bahad\.m2\repository\commons-logging\commons-logging\1.2\commons-logging-1.2.jar;C:\Users\bahad\.m2\repository\commons-collections\commons-collections\3.2.2\commons-collections-3.2.2.jar;C:\Users\bahad\.m2\repository\com\google\guava\guava\30.0-jre\guava-30.0-jre.jar;C:\Users\bahad\.m2\repository\com\google\guava\failureaccess\1.0.1\failureaccess-1.0.1.jar;C:\Users\bahad\.m2\repository\com\google\guava\listenablefuture\9999.0-empty-to-avoid-conflict-with-guava\listenablefuture-9999.0-empty-to-avoid-conflict-with-guava.jar;C:\Users\bahad\.m2\repository\com\google\code\findbugs\jsr305\3.0.2\jsr305-3.0.2.jar;C:\Users\bahad\.m2\repository\org\checkerframework\checker-qual\3.5.0\checker-qual-3.5.0.jar;C:\Users\bahad\.m2\repository\com\google\errorprone\error_prone_annotations\2.3.4\error_prone_annotations-2.3.4.jar;C:\Users\bahad\.m2\repository\com\google\j2objc\j2objc-annotations\1.3\j2objc-annotations-1.3.jar;C:\Users\bahad\.m2\repository\org\reflections\reflections\0.9.12\reflections-0.9.12.jar;C:\Users\bahad\.m2\repository\org\javassist\javassist\3.26.0-GA\javassist-3.26.0-GA.jar;C:\Users\bahad\.m2\repository\net\sf\saxon\Saxon-HE\10.3\Saxon-HE-10.3.jar;C:\Users\bahad\.m2\repository\net\sourceforge\pmd\pmd-java\6.31.0\pmd-java-6.31.0.jar;C:\Users\bahad\.m2\repository\net\sourceforge\saxon\saxon\9.1.0.8\saxon-9.1.0.8.jar;C:\Users\bahad\.m2\repository\org\ow2\asm\asm\9.0-beta\asm-9.0-beta.jar;C:\Users\bahad\.m2\repository\commons-io\commons-io\2.6\commons-io-2.6.jar;C:\Users\bahad\.m2\repository\org\apache\commons\commons-lang3\3.8.1\commons-lang3-3.8.1.jar;C:\Users\bahad\.m2\repository\net\sourceforge\pmd\pmd-core\6.31.0\pmd-core-6.31.0.jar;C:\Users\bahad\.m2\repository\com\beust\jcommander\1.48\jcommander-1.48.jar;C:\Users\bahad\.m2\repository\com\google\code\gson\gson\2.8.5\gson-2.8.5.jar;C:\Users\bahad\.m2\repository\net\sourceforge\saxon\saxon\9.1.0.8\saxon-9.1.0.8-dom.jar;C:\Users\bahad\.m2\repository\org\jetbrains\annotations\20.1.0\annotations-20.1.0.jar;"/>
    <property name="sun.cpu.endian" value="little"/>
    <property name="user.home" value="C:\Users\bahad"/>
    <property name="user.language" value="en"/>
    <property name="java.specification.vendor" value="Oracle Corporation"/>
    <property name="java.version.date" value="2023-09-19"/>
    <property name="java.home" value="C:\Program Files\Java\jdk-21"/>
    <property name="file.separator" value="\"/>
    <property name="basedir" value="D:\Visual Studio Code\Java\HW5\winter-is-coming"/>
    <property name="java.vm.compressedOopsMode" value="Zero based"/>
    <property name="line.separator" value="&#10;"/>
    <property name="java.vm.specification.vendor" value="Oracle Corporation"/>
    <property name="java.specification.name" value="Java Platform API Specification"/>
    <property name="surefire.real.class.path" value="C:\Users\bahad\AppData\Local\Temp\surefire15616602931745845220\surefirebooter4197116238410664342.jar"/>
    <property name="user.script" value=""/>
    <property name="sun.management.compiler" value="HotSpot 64-Bit Tiered Compilers"/>
    <property name="java.runtime.version" value="21+35-LTS-2513"/>
    <property name="user.name" value="bahad"/>
    <property name="stdout.encoding" value="Cp1252"/>
    <property name="path.separator" value=";"/>
    <property name="os.version" value="10.0"/>
    <property name="java.runtime.name" value="Java(TM) SE Runtime Environment"/>
    <property name="file.encoding" value="UTF-8"/>
    <property name="java.vm.name" value="Java HotSpot(TM) 64-Bit Server VM"/>
    <property name="localRepository" value="C:\Users\bahad\.m2\repository"/>
    <property name="java.vendor.url.bug" value="https://bugreport.java.com/bugreport/"/>
    <property name="java.io.tmpdir" value="C:\Users\bahad\AppData\Local\Temp\"/>
    <property name="java.version" value="21"/>
    <property name="user.dir" value="D:\Visual Studio Code\Java\HW5\winter-is-coming"/>
    <property name="os.arch" value="amd64"/>
    <property name="java.vm.specification.name" value="Java Virtual Machine Specification"/>
    <property name="sun.os.patch.level" value=""/>
    <property name="native.encoding" value="Cp1252"/>
    <property name="java.library.path" value="C:\Program Files\Java\jdk-21\bin;C:\WINDOWS\Sun\Java\bin;C:\WINDOWS\system32;C:\WINDOWS;C:\Program Files\Common Files\Oracle\Java\javapath;C:\Program Files\Microsoft\jdk-11.0.16.101-hotspot\bin;C:\Windows\system32;C:\Windows;C:\Windows\System32\Wbem;C:\Windows\System32\WindowsPowerShell\v1.0\;C:\Windows\System32\OpenSSH\;C:\Program Files (x86)\NVIDIA Corporation\PhysX\Common;C:\Program Files\NVIDIA Corporation\NVIDIA NvDLISR;C:\WINDOWS\system32;C:\WINDOWS;C:\WINDOWS\System32\Wbem;C:\WINDOWS\System32\WindowsPowerShell\v1.0\;C:\WINDOWS\System32\OpenSSH\;C:\Program Files\Polyspace\R2020b\runtime\win64;C:\Program Files\Polyspace\R2020b\bin;C:\Program Files\Polyspace\R2020b\polyspace\bin;C:\Program Files (x86)\Common Files\Propellerhead Software\ReWire\;C:\Program Files\Common Files\Propellerhead Software\ReWire\;C:\Program Files\dotnet\;C:\Program Files\nodejs\;C:\ProgramData\chocolatey\bin;C:\VISA\WinNTBin;C:\Program Files\Git\cmd;C:\Program Files\MySQL\MySQL Server 8.0\bin;C:\Program Files\Java\jdk-21\bin;C:\Program Files\Apache Maven\apache-maven-3.9.5\bin;C:\Users\bahad\AppData\Local\Programs\Python\Python311;C:\Program Files\MySQL\MySQL Shell 8.0\bin\;C:\Users\bahad\AppData\Local\Programs\Python\Python311\Scripts\;C:\Users\bahad\AppData\Local\Programs\Python\Python311\;C:\Users\bahad\AppData\Local\Programs\Python\Python39\Scripts\;C:\Users\bahad\AppData\Local\Programs\Python\Python39\;C:\Users\bahad\AppData\Local\Microsoft\WindowsApps;C:\msys64\mingw64\bin;C:\Users\bahad\AppData\Local\Programs\Microsoft VS Code\bin;C:\Users\bahad\AppData\Roaming\npm;C:\Users\bahad\anaconda3\Library\bin;C:\Users\bahad\anaconda3;C:\Users\bahad\anaconda3\scripts;C:\Users\bahad\AppData\Local\GitHubDesktop\bin;C:\Users\bahad\.dotnet\tools;C:\Users\bahad\AppData\Local\gitkraken\bin;."/>
    <property name="java.vm.info" value="mixed mode, sharing"/>
    <property name="stderr.encoding" value="Cp1252"/>
    <property name="java.vendor" value="Oracle Corporation"/>
    <property name="java.vm.version" value="21+35-LTS-2513"/>
    <property name="sun.io.unicode.encoding" value="UnicodeLittle"/>
    <property name="java.class.version" value="65.0"/>
  </properties>
  <testcase name="testCheckStyleIndentation" classname="ir.ac.kntu.style.CheckStyleTest" time="0.18"/>
  <testcase name="testCheckStyleNaming" classname="ir.ac.kntu.style.CheckStyleTest" time="0.032"/>
</testsuite>